<?xml version="1.0" encoding="UTF-8"?>
<!-- Generated by org.testng.reporters.JUnitReportReporter -->
<testsuite hostname="DESKTOP-T1OGAO3" failures="0" tests="1" name="TestNGExecution.Demo" time="58.797" errors="0" timestamp="14 Apr 2024 11:30:06 GMT" skipped="0">
  <testcase classname="TestNGExecution.Demo" name="demo" time="58.797"/>
</testsuite> <!-- TestNGExecution.Demo -->
