<?xml version="1.0" encoding="UTF-8"?>
<!-- Generated by org.testng.reporters.JUnitReportReporter -->
<testsuite hostname="DESKTOP-T1OGAO3" failures="0" tests="3" name="learningTestNG.EnabledFlag" time="0.020" errors="0" timestamp="12 Mar 2024 13:58:17 GMT" skipped="1">
  <testcase classname="learningTestNG.EnabledFlag" name="addToCast" time="0.018"/>
  <testcase classname="learningTestNG.EnabledFlag" name="logout" time="0.002"/>
  <testcase classname="learningTestNG.EnabledFlag" name="login">
    <skipped/>
  </testcase> <!-- login -->
</testsuite> <!-- learningTestNG.EnabledFlag -->
