<?xml version="1.0" encoding="UTF-8"?>
<!-- Generated by org.testng.reporters.JUnitReportReporter -->
<testsuite hostname="DESKTOP-T1OGAO3" failures="0" tests="1" name="TestNGExecution.Sumo" time="16.297" errors="0" timestamp="14 Apr 2024 11:13:57 GMT" skipped="0">
  <testcase classname="TestNGExecution.Sumo" name="sumo" time="16.297"/>
</testsuite> <!-- TestNGExecution.Sumo -->
