<?xml version="1.0" encoding="UTF-8"?>
<!-- Generated by org.testng.reporters.JUnitReportReporter -->
<testsuite hostname="DESKTOP-T1OGAO3" failures="0" tests="3" name="learningTestNG.DesriptionFlag" time="0.015" errors="0" timestamp="12 Mar 2024 13:53:08 GMT" skipped="0">
  <testcase classname="learningTestNG.DesriptionFlag" name="login" time="0.013"/>
  <testcase classname="learningTestNG.DesriptionFlag" name="addToCasr" time="0.001"/>
  <testcase classname="learningTestNG.DesriptionFlag" name="logout" time="0.001"/>
</testsuite> <!-- learningTestNG.DesriptionFlag -->
