<?xml version="1.0" encoding="UTF-8"?>
<!-- Generated by org.testng.reporters.JUnitReportReporter -->
<testsuite hostname="DESKTOP-T1OGAO3" failures="0" tests="7" name="learningTestNG.InvocationCountFlag" time="0.056" errors="0" timestamp="12 Mar 2024 14:02:50 GMT" skipped="0">
  <testcase classname="learningTestNG.InvocationCountFlag" name="login" time="0.034"/>
  <testcase classname="learningTestNG.InvocationCountFlag" name="addToCart" time="0.003"/>
  <testcase classname="learningTestNG.InvocationCountFlag" name="addToCart" time="0.003"/>
  <testcase classname="learningTestNG.InvocationCountFlag" name="addToCart" time="0.003"/>
  <testcase classname="learningTestNG.InvocationCountFlag" name="addToCart" time="0.003"/>
  <testcase classname="learningTestNG.InvocationCountFlag" name="addToCart" time="0.005"/>
  <testcase classname="learningTestNG.InvocationCountFlag" name="logout" time="0.005"/>
</testsuite> <!-- learningTestNG.InvocationCountFlag -->
