<?xml version="1.0" encoding="UTF-8"?>
<!-- Generated by org.testng.reporters.JUnitReportReporter -->
<testsuite hostname="DESKTOP-T1OGAO3" failures="0" tests="2" name="learningTestNG.Annotations" time="0.025" errors="0" timestamp="13 Mar 2024 13:57:51 GMT" skipped="0">
  <testcase classname="learningTestNG.Annotations" name="test1" time="0.014"/>
  <testcase classname="learningTestNG.Annotations" name="test2" time="0.011"/>
</testsuite> <!-- learningTestNG.Annotations -->
