<?xml version="1.0" encoding="UTF-8"?>
<!-- Generated by org.testng.reporters.JUnitReportReporter -->
<testsuite hostname="DESKTOP-T1OGAO3" failures="0" tests="5" name="TestNGExecution.ToUnderstantDataProvider" time="61.883" errors="0" timestamp="14 Apr 2024 09:38:10 GMT" skipped="0">
  <testcase classname="TestNGExecution.ToUnderstantDataProvider" name="loginMethid" time="9.195"/>
  <testcase classname="TestNGExecution.ToUnderstantDataProvider" name="loginMethid" time="9.243"/>
  <testcase classname="TestNGExecution.ToUnderstantDataProvider" name="loginMethid" time="25.450"/>
  <testcase classname="TestNGExecution.ToUnderstantDataProvider" name="loginMethid" time="8.960"/>
  <testcase classname="TestNGExecution.ToUnderstantDataProvider" name="loginMethid" time="9.035"/>
</testsuite> <!-- TestNGExecution.ToUnderstantDataProvider -->
