<?xml version="1.0" encoding="UTF-8"?>
<!-- Generated by org.testng.reporters.JUnitReportReporter -->
<testsuite hostname="DESKTOP-T1OGAO3" failures="0" tests="1" name="TestNGExecution.Remo" time="18.651" errors="0" timestamp="14 Apr 2024 11:30:06 GMT" skipped="0">
  <testcase classname="TestNGExecution.Remo" name="remo" time="18.651"/>
</testsuite> <!-- TestNGExecution.Remo -->
