<?xml version="1.0" encoding="UTF-8"?>
<!-- Generated by org.testng.reporters.JUnitReportReporter -->
<testsuite hostname="DESKTOP-T1OGAO3" failures="0" tests="4" name="learningTestNG.Practice" time="0.027" errors="0" timestamp="12 Mar 2024 13:38:30 GMT" skipped="0">
  <testcase classname="learningTestNG.Practice" name="loginAdmin" time="0.022"/>
  <testcase classname="learningTestNG.Practice" name="createCustomer" time="0.002"/>
  <testcase classname="learningTestNG.Practice" name="cretaeProjectUnderCustomer" time="0.002"/>
  <testcase classname="learningTestNG.Practice" name="logoutadmin" time="0.001"/>
</testsuite> <!-- learningTestNG.Practice -->
